EDA Netlist Writer report for ex3
Fri Mar 16 01:18:21 2018
Quartus Prime Version 16.1.0 Build 196 10/24/2016 SJ Lite Edition


---------------------
; Table of Contents ;
---------------------
  1. Legal Notice
  2. EDA Netlist Writer Summary
  3. EDA Netlist Writer Messages



----------------
; Legal Notice ;
----------------
Copyright (C) 2016  Intel Corporation. All rights reserved.
Your use of Intel Corporation's design tools, logic functions 
and other software and tools, and its AMPP partner logic 
functions, and any output files from any of the foregoing 
(including device programming or simulation files), and any 
associated documentation or information are expressly subject 
to the terms and conditions of the Intel Program License 
Subscription Agreement, the Intel Quartus Prime License Agreement,
the Intel MegaCore Function License Agreement, or other 
applicable license agreement, including, without limitation, 
that your use is for the sole purpose of programming logic 
devices manufactured by Intel and sold by Intel or its 
authorized distributors.  Please refer to the applicable 
agreement for further details.



+-------------------------------------------------------------------+
; EDA Netlist Writer Summary                                        ;
+---------------------------+---------------------------------------+
; EDA Netlist Writer Status ; Successful - Fri Mar 16 01:18:21 2018 ;
; Revision Name             ; ex3                                   ;
; Top-level Entity Name     ; ex3                                   ;
; Family                    ; Cyclone IV GX                         ;
+---------------------------+---------------------------------------+


+-----------------------------+
; EDA Netlist Writer Messages ;
+-----------------------------+
Info: *******************************************************************
Info: Running Quartus Prime EDA Netlist Writer
    Info: Version 16.1.0 Build 196 10/24/2016 SJ Lite Edition
    Info: Copyright (C) 2016  Intel Corporation. All rights reserved.
    Info: Your use of Intel Corporation's design tools, logic functions 
    Info: and other software and tools, and its AMPP partner logic 
    Info: functions, and any output files from any of the foregoing 
    Info: (including device programming or simulation files), and any 
    Info: associated documentation or information are expressly subject 
    Info: to the terms and conditions of the Intel Program License 
    Info: Subscription Agreement, the Intel Quartus Prime License Agreement,
    Info: the Intel MegaCore Function License Agreement, or other 
    Info: applicable license agreement, including, without limitation, 
    Info: that your use is for the sole purpose of programming logic 
    Info: devices manufactured by Intel and sold by Intel or its 
    Info: authorized distributors.  Please refer to the applicable 
    Info: agreement for further details.
    Info: Processing started: Fri Mar 16 01:18:21 2018
Info: Command: quartus_eda --gen_testbench --tool=modelsim_oem --format=verilog --write_settings_files=off ex3 -c ex3 --vector_source="F:/Tuan Minh/HKII/He_Thong_So/ex3/ex3.vwf" --testbench_file="F:/Tuan Minh/HKII/He_Thong_So/ex3/simulation/qsim/ex3.vwf.vt"
Warning (18236): Number of processors has not been specified which may cause overloading on shared machines.  Set the global assignment NUM_PARALLEL_PROCESSORS in your QSF to an appropriate value for best performance.
Warning (201005): Ignoring output pin "g" in vector source file when writing test bench files
Warning (201005): Ignoring output pin "h" in vector source file when writing test bench files
Warning (201005): Ignoring output pin "f" in vector source file when writing test bench files
Info (201000): Generated Verilog Test Bench File F:/Tuan Minh/HKII/He_Thong_So/ex3/simulation/qsim/ex3.vwf.vt for simulation
Info: Quartus Prime EDA Netlist Writer was successful. 0 errors, 4 warnings
    Info: Peak virtual memory: 622 megabytes
    Info: Processing ended: Fri Mar 16 01:18:21 2018
    Info: Elapsed time: 00:00:00
    Info: Total CPU time (on all processors): 00:00:01


