Analysis & Synthesis report for Verilog_tut2
Sat May 19 22:11:24 2018
Quartus Prime Version 16.1.0 Build 196 10/24/2016 SJ Lite Edition


---------------------
; Table of Contents ;
---------------------
  1. Legal Notice
  2. Analysis & Synthesis Summary
  3. Analysis & Synthesis Settings
  4. Parallel Compilation
  5. Analysis & Synthesis Source Files Read
  6. Analysis & Synthesis Resource Usage Summary
  7. Analysis & Synthesis Resource Utilization by Entity
  8. Registers Removed During Synthesis
  9. General Register Statistics
 10. Port Connectivity Checks: "sr_ff:sr_ff0"
 11. Port Connectivity Checks: "jk_ff_async:jk_ff2"
 12. Port Connectivity Checks: "jk_ff_async:jk_ff1"
 13. Port Connectivity Checks: "jk_ff_async:jk_ff0"
 14. Post-Synthesis Netlist Statistics for Top Partition
 15. Elapsed Time Per Partition
 16. Analysis & Synthesis Messages
 17. Analysis & Synthesis Suppressed Messages



----------------
; Legal Notice ;
----------------
Copyright (C) 2016  Intel Corporation. All rights reserved.
Your use of Intel Corporation's design tools, logic functions 
and other software and tools, and its AMPP partner logic 
functions, and any output files from any of the foregoing 
(including device programming or simulation files), and any 
associated documentation or information are expressly subject 
to the terms and conditions of the Intel Program License 
Subscription Agreement, the Intel Quartus Prime License Agreement,
the Intel MegaCore Function License Agreement, or other 
applicable license agreement, including, without limitation, 
that your use is for the sole purpose of programming logic 
devices manufactured by Intel and sold by Intel or its 
authorized distributors.  Please refer to the applicable 
agreement for further details.



+----------------------------------------------------------------------------------+
; Analysis & Synthesis Summary                                                     ;
+------------------------------------+---------------------------------------------+
; Analysis & Synthesis Status        ; Successful - Sat May 19 22:11:24 2018       ;
; Quartus Prime Version              ; 16.1.0 Build 196 10/24/2016 SJ Lite Edition ;
; Revision Name                      ; Verilog_tut2                                ;
; Top-level Entity Name              ; Ex2                                         ;
; Family                             ; Cyclone IV GX                               ;
; Total logic elements               ; 6                                           ;
;     Total combinational functions  ; 6                                           ;
;     Dedicated logic registers      ; 1                                           ;
; Total registers                    ; 1                                           ;
; Total pins                         ; 11                                          ;
; Total virtual pins                 ; 0                                           ;
; Total memory bits                  ; 0                                           ;
; Embedded Multiplier 9-bit elements ; 0                                           ;
; Total GXB Receiver Channel PCS     ; 0                                           ;
; Total GXB Receiver Channel PMA     ; 0                                           ;
; Total GXB Transmitter Channel PCS  ; 0                                           ;
; Total GXB Transmitter Channel PMA  ; 0                                           ;
; Total PLLs                         ; 0                                           ;
+------------------------------------+---------------------------------------------+


+----------------------------------------------------------------------------------------------------------------------+
; Analysis & Synthesis Settings                                                                                        ;
+----------------------------------------------------------------------------+--------------------+--------------------+
; Option                                                                     ; Setting            ; Default Value      ;
+----------------------------------------------------------------------------+--------------------+--------------------+
; Top-level entity name                                                      ; Ex2                ; Verilog_tut2       ;
; Family name                                                                ; Cyclone IV GX      ; Cyclone V          ;
; Use smart compilation                                                      ; Off                ; Off                ;
; Enable parallel Assembler and TimeQuest Timing Analyzer during compilation ; On                 ; On                 ;
; Enable compact report table                                                ; Off                ; Off                ;
; Restructure Multiplexers                                                   ; Auto               ; Auto               ;
; Create Debugging Nodes for IP Cores                                        ; Off                ; Off                ;
; Preserve fewer node names                                                  ; On                 ; On                 ;
; OpenCore Plus hardware evaluation                                          ; Enable             ; Enable             ;
; Verilog Version                                                            ; Verilog_2001       ; Verilog_2001       ;
; VHDL Version                                                               ; VHDL_1993          ; VHDL_1993          ;
; State Machine Processing                                                   ; Auto               ; Auto               ;
; Safe State Machine                                                         ; Off                ; Off                ;
; Extract Verilog State Machines                                             ; On                 ; On                 ;
; Extract VHDL State Machines                                                ; On                 ; On                 ;
; Ignore Verilog initial constructs                                          ; Off                ; Off                ;
; Iteration limit for constant Verilog loops                                 ; 5000               ; 5000               ;
; Iteration limit for non-constant Verilog loops                             ; 250                ; 250                ;
; Add Pass-Through Logic to Inferred RAMs                                    ; On                 ; On                 ;
; Infer RAMs from Raw Logic                                                  ; On                 ; On                 ;
; Parallel Synthesis                                                         ; On                 ; On                 ;
; DSP Block Balancing                                                        ; Auto               ; Auto               ;
; NOT Gate Push-Back                                                         ; On                 ; On                 ;
; Power-Up Don't Care                                                        ; On                 ; On                 ;
; Remove Redundant Logic Cells                                               ; Off                ; Off                ;
; Remove Duplicate Registers                                                 ; On                 ; On                 ;
; Ignore CARRY Buffers                                                       ; Off                ; Off                ;
; Ignore CASCADE Buffers                                                     ; Off                ; Off                ;
; Ignore GLOBAL Buffers                                                      ; Off                ; Off                ;
; Ignore ROW GLOBAL Buffers                                                  ; Off                ; Off                ;
; Ignore LCELL Buffers                                                       ; Off                ; Off                ;
; Ignore SOFT Buffers                                                        ; On                 ; On                 ;
; Limit AHDL Integers to 32 Bits                                             ; Off                ; Off                ;
; Optimization Technique                                                     ; Balanced           ; Balanced           ;
; Carry Chain Length                                                         ; 70                 ; 70                 ;
; Auto Carry Chains                                                          ; On                 ; On                 ;
; Auto Open-Drain Pins                                                       ; On                 ; On                 ;
; Perform WYSIWYG Primitive Resynthesis                                      ; Off                ; Off                ;
; Auto ROM Replacement                                                       ; On                 ; On                 ;
; Auto RAM Replacement                                                       ; On                 ; On                 ;
; Auto DSP Block Replacement                                                 ; On                 ; On                 ;
; Auto Shift Register Replacement                                            ; Auto               ; Auto               ;
; Allow Shift Register Merging across Hierarchies                            ; Auto               ; Auto               ;
; Auto Clock Enable Replacement                                              ; On                 ; On                 ;
; Strict RAM Replacement                                                     ; Off                ; Off                ;
; Allow Synchronous Control Signals                                          ; On                 ; On                 ;
; Force Use of Synchronous Clear Signals                                     ; Off                ; Off                ;
; Auto RAM Block Balancing                                                   ; On                 ; On                 ;
; Auto RAM to Logic Cell Conversion                                          ; Off                ; Off                ;
; Auto Resource Sharing                                                      ; Off                ; Off                ;
; Allow Any RAM Size For Recognition                                         ; Off                ; Off                ;
; Allow Any ROM Size For Recognition                                         ; Off                ; Off                ;
; Allow Any Shift Register Size For Recognition                              ; Off                ; Off                ;
; Use LogicLock Constraints during Resource Balancing                        ; On                 ; On                 ;
; Ignore translate_off and synthesis_off directives                          ; Off                ; Off                ;
; Timing-Driven Synthesis                                                    ; On                 ; On                 ;
; Report Parameter Settings                                                  ; On                 ; On                 ;
; Report Source Assignments                                                  ; On                 ; On                 ;
; Report Connectivity Checks                                                 ; On                 ; On                 ;
; Ignore Maximum Fan-Out Assignments                                         ; Off                ; Off                ;
; Synchronization Register Chain Length                                      ; 2                  ; 2                  ;
; PowerPlay Power Optimization During Synthesis                              ; Normal compilation ; Normal compilation ;
; HDL message level                                                          ; Level2             ; Level2             ;
; Suppress Register Optimization Related Messages                            ; Off                ; Off                ;
; Number of Removed Registers Reported in Synthesis Report                   ; 5000               ; 5000               ;
; Number of Swept Nodes Reported in Synthesis Report                         ; 5000               ; 5000               ;
; Number of Inverted Registers Reported in Synthesis Report                  ; 100                ; 100                ;
; Clock MUX Protection                                                       ; On                 ; On                 ;
; Auto Gated Clock Conversion                                                ; Off                ; Off                ;
; Block Design Naming                                                        ; Auto               ; Auto               ;
; SDC constraint protection                                                  ; Off                ; Off                ;
; Synthesis Effort                                                           ; Auto               ; Auto               ;
; Shift Register Replacement - Allow Asynchronous Clear Signal               ; On                 ; On                 ;
; Pre-Mapping Resynthesis Optimization                                       ; Off                ; Off                ;
; Analysis & Synthesis Message Level                                         ; Medium             ; Medium             ;
; Disable Register Merging Across Hierarchies                                ; Auto               ; Auto               ;
; Resource Aware Inference For Block RAM                                     ; On                 ; On                 ;
+----------------------------------------------------------------------------+--------------------+--------------------+


+------------------------------------------+
; Parallel Compilation                     ;
+----------------------------+-------------+
; Processors                 ; Number      ;
+----------------------------+-------------+
; Number detected on machine ; 4           ;
; Maximum allowed            ; 2           ;
;                            ;             ;
; Average used               ; 1.00        ;
; Maximum used               ; 1           ;
;                            ;             ;
; Usage by Processor         ; % Time Used ;
;     Processor 1            ; 100.0%      ;
+----------------------------+-------------+


+--------------------------------------------------------------------------------------------------------------------------------------------------+
; Analysis & Synthesis Source Files Read                                                                                                           ;
+----------------------------------+-----------------+------------------------+----------------------------------------------------------+---------+
; File Name with User-Entered Path ; Used in Netlist ; File Type              ; File Name with Absolute Path                             ; Library ;
+----------------------------------+-----------------+------------------------+----------------------------------------------------------+---------+
; Ex2.v                            ; yes             ; User Verilog HDL File  ; F:/Tuan Minh/HKII/He_Thong_So/Verilog_tut2/Ex2.v         ;         ;
; jk_ff_async.v                    ; yes             ; User Verilog HDL File  ; F:/Tuan Minh/HKII/He_Thong_So/Verilog_tut2/jk_ff_async.v ;         ;
; sr_ff.v                          ; yes             ; User Verilog HDL File  ; F:/Tuan Minh/HKII/He_Thong_So/Verilog_tut2/sr_ff.v       ;         ;
+----------------------------------+-----------------+------------------------+----------------------------------------------------------+---------+


+---------------------------------------------+
; Analysis & Synthesis Resource Usage Summary ;
+--------------------------+------------------+
; Resource                 ; Usage            ;
+--------------------------+------------------+
; I/O pins                 ; 11               ;
;                          ;                  ;
; DSP block 9-bit elements ; 0                ;
;                          ;                  ;
; Maximum fan-out node     ; pre_n~0          ;
; Maximum fan-out          ; 5                ;
; Total fan-out            ; 33               ;
; Average fan-out          ; 1.14             ;
+--------------------------+------------------+


+----------------------------------------------------------------------------------------------------------------------------------------------------------------------------------------------------------------------+
; Analysis & Synthesis Resource Utilization by Entity                                                                                                                                                                  ;
+----------------------------+---------------------+---------------------------+-------------+--------------+---------+-----------+-----------+------+--------------+---------------------+-------------+--------------+
; Compilation Hierarchy Node ; Combinational ALUTs ; Dedicated Logic Registers ; Memory Bits ; DSP Elements ; DSP 9x9 ; DSP 18x18 ; DSP 36x36 ; Pins ; Virtual Pins ; Full Hierarchy Name ; Entity Name ; Library Name ;
+----------------------------+---------------------+---------------------------+-------------+--------------+---------+-----------+-----------+------+--------------+---------------------+-------------+--------------+
; |Ex2                       ; 6 (1)               ; 1 (0)                     ; 0           ; 0            ; 0       ; 0         ; 0         ; 11   ; 0            ; |Ex2                ; Ex2         ; work         ;
;    |sr_ff:sr_ff0|          ; 5 (5)               ; 1 (1)                     ; 0           ; 0            ; 0       ; 0         ; 0         ; 0    ; 0            ; |Ex2|sr_ff:sr_ff0   ; sr_ff       ; work         ;
+----------------------------+---------------------+---------------------------+-------------+--------------+---------+-----------+-----------+------+--------------+---------------------+-------------+--------------+
Note: For table entries with two numbers listed, the numbers in parentheses indicate the number of resources of the given type used by the specific entity alone. The numbers listed outside of parentheses indicate the total resources of the given type used by the specific entity and all of its sub-entities in the hierarchy.


+-------------------------------------------------------------------------------+
; Registers Removed During Synthesis                                            ;
+---------------------------------------+---------------------------------------+
; Register name                         ; Reason for Removal                    ;
+---------------------------------------+---------------------------------------+
; jk_ff_async:jk_ff2|q                  ; Stuck at GND due to stuck port clear  ;
; jk_ff_async:jk_ff1|q                  ; Stuck at GND due to stuck port clear  ;
; jk_ff_async:jk_ff0|q                  ; Stuck at VCC due to stuck port preset ;
; Total Number of Removed Registers = 3 ;                                       ;
+---------------------------------------+---------------------------------------+


+------------------------------------------------------+
; General Register Statistics                          ;
+----------------------------------------------+-------+
; Statistic                                    ; Value ;
+----------------------------------------------+-------+
; Total registers                              ; 1     ;
; Number of registers using Synchronous Clear  ; 0     ;
; Number of registers using Synchronous Load   ; 0     ;
; Number of registers using Asynchronous Clear ; 1     ;
; Number of registers using Asynchronous Load  ; 0     ;
; Number of registers using Clock Enable       ; 0     ;
; Number of registers using Preset             ; 0     ;
+----------------------------------------------+-------+


+---------------------------------------------------+
; Port Connectivity Checks: "sr_ff:sr_ff0"          ;
+------+--------+----------+------------------------+
; Port ; Type   ; Severity ; Details                ;
+------+--------+----------+------------------------+
; q_n  ; Output ; Info     ; Explicitly unconnected ;
+------+--------+----------+------------------------+


+----------------------------------------------------------------------------------------------------------------------------------------------------------------------------------------------------------------+
; Port Connectivity Checks: "jk_ff_async:jk_ff2"                                                                                                                                                                 ;
+-------+--------+----------+------------------------------------------------------------------------------------------------------------------------------------------------------------------------------------+
; Port  ; Type   ; Severity ; Details                                                                                                                                                                            ;
+-------+--------+----------+------------------------------------------------------------------------------------------------------------------------------------------------------------------------------------+
; q_n   ; Output ; Info     ; Explicitly unconnected                                                                                                                                                             ;
; pre_n ; Input  ; Info     ; Stuck at VCC                                                                                                                                                                       ;
; clr_n ; Input  ; Info     ; Stuck at GND                                                                                                                                                                       ;
; j     ; Input  ; Warning  ; Input port expression (32 bits) is wider than the input port (1 bits) it drives.  The 31 most-significant bit(s) in the expression will be dangling if they have no other fanouts. ;
; j[-1] ; Input  ; Info     ; Stuck at VCC                                                                                                                                                                       ;
; k     ; Input  ; Warning  ; Input port expression (32 bits) is wider than the input port (1 bits) it drives.  The 31 most-significant bit(s) in the expression will be dangling if they have no other fanouts. ;
; k[-1] ; Input  ; Info     ; Stuck at VCC                                                                                                                                                                       ;
+-------+--------+----------+------------------------------------------------------------------------------------------------------------------------------------------------------------------------------------+


+----------------------------------------------------------------------------------------------------------------------------------------------------------------------------------------------------------------+
; Port Connectivity Checks: "jk_ff_async:jk_ff1"                                                                                                                                                                 ;
+-------+--------+----------+------------------------------------------------------------------------------------------------------------------------------------------------------------------------------------+
; Port  ; Type   ; Severity ; Details                                                                                                                                                                            ;
+-------+--------+----------+------------------------------------------------------------------------------------------------------------------------------------------------------------------------------------+
; q_n   ; Output ; Info     ; Explicitly unconnected                                                                                                                                                             ;
; pre_n ; Input  ; Info     ; Stuck at VCC                                                                                                                                                                       ;
; clr_n ; Input  ; Info     ; Stuck at GND                                                                                                                                                                       ;
; k     ; Input  ; Warning  ; Input port expression (32 bits) is wider than the input port (1 bits) it drives.  The 31 most-significant bit(s) in the expression will be dangling if they have no other fanouts. ;
; k[-1] ; Input  ; Info     ; Stuck at VCC                                                                                                                                                                       ;
+-------+--------+----------+------------------------------------------------------------------------------------------------------------------------------------------------------------------------------------+


+----------------------------------------------------------------------------------------------------------------------------------------------------------------------------------------------------------------+
; Port Connectivity Checks: "jk_ff_async:jk_ff0"                                                                                                                                                                 ;
+-------+--------+----------+------------------------------------------------------------------------------------------------------------------------------------------------------------------------------------+
; Port  ; Type   ; Severity ; Details                                                                                                                                                                            ;
+-------+--------+----------+------------------------------------------------------------------------------------------------------------------------------------------------------------------------------------+
; q_n   ; Output ; Info     ; Explicitly unconnected                                                                                                                                                             ;
; clr_n ; Input  ; Info     ; Stuck at GND                                                                                                                                                                       ;
; j     ; Input  ; Warning  ; Input port expression (32 bits) is wider than the input port (1 bits) it drives.  The 31 most-significant bit(s) in the expression will be dangling if they have no other fanouts. ;
; j[-1] ; Input  ; Info     ; Stuck at VCC                                                                                                                                                                       ;
; k     ; Input  ; Warning  ; Input port expression (32 bits) is wider than the input port (1 bits) it drives.  The 31 most-significant bit(s) in the expression will be dangling if they have no other fanouts. ;
; k[-1] ; Input  ; Info     ; Stuck at VCC                                                                                                                                                                       ;
+-------+--------+----------+------------------------------------------------------------------------------------------------------------------------------------------------------------------------------------+


+-----------------------------------------------------+
; Post-Synthesis Netlist Statistics for Top Partition ;
+-----------------------+-----------------------------+
; Type                  ; Count                       ;
+-----------------------+-----------------------------+
; boundary_port         ; 11                          ;
; cycloneiii_ff         ; 1                           ;
;     CLR               ; 1                           ;
; cycloneiii_lcell_comb ; 7                           ;
;     normal            ; 7                           ;
;         0 data inputs ; 1                           ;
;         2 data inputs ; 3                           ;
;         3 data inputs ; 1                           ;
;         4 data inputs ; 2                           ;
;                       ;                             ;
; Max LUT depth         ; 3.00                        ;
; Average LUT depth     ; 2.29                        ;
+-----------------------+-----------------------------+


+-------------------------------+
; Elapsed Time Per Partition    ;
+----------------+--------------+
; Partition Name ; Elapsed Time ;
+----------------+--------------+
; Top            ; 00:00:00     ;
+----------------+--------------+


+-------------------------------+
; Analysis & Synthesis Messages ;
+-------------------------------+
Info: *******************************************************************
Info: Running Quartus Prime Analysis & Synthesis
    Info: Version 16.1.0 Build 196 10/24/2016 SJ Lite Edition
    Info: Processing started: Sat May 19 22:11:09 2018
Info: Command: quartus_map --read_settings_files=on --write_settings_files=off Verilog_tut2 -c Verilog_tut2
Warning (18236): Number of processors has not been specified which may cause overloading on shared machines.  Set the global assignment NUM_PARALLEL_PROCESSORS in your QSF to an appropriate value for best performance.
Info (20030): Parallel compilation is enabled and will use 2 of the 2 processors detected
Info (12021): Found 1 design units, including 1 entities, in source file ex1.v
    Info (12023): Found entity 1: Ex1 File: F:/Tuan Minh/HKII/He_Thong_So/Verilog_tut2/Ex1.v Line: 1
Info (12021): Found 1 design units, including 1 entities, in source file ex2.v
    Info (12023): Found entity 1: Ex2 File: F:/Tuan Minh/HKII/He_Thong_So/Verilog_tut2/Ex2.v Line: 1
Info (12021): Found 1 design units, including 1 entities, in source file jk_ff_async.v
    Info (12023): Found entity 1: jk_ff_async File: F:/Tuan Minh/HKII/He_Thong_So/Verilog_tut2/jk_ff_async.v Line: 1
Info (12021): Found 1 design units, including 1 entities, in source file sr_ff.v
    Info (12023): Found entity 1: sr_ff File: F:/Tuan Minh/HKII/He_Thong_So/Verilog_tut2/sr_ff.v Line: 1
Warning (10236): Verilog HDL Implicit Net warning at Ex2.v(42): created implicit net for "and1" File: F:/Tuan Minh/HKII/He_Thong_So/Verilog_tut2/Ex2.v Line: 42
Info (12127): Elaborating entity "Ex2" for the top level hierarchy
Warning (10230): Verilog HDL assignment warning at Ex2.v(12): truncated value with size 32 to match size of target (4) File: F:/Tuan Minh/HKII/He_Thong_So/Verilog_tut2/Ex2.v Line: 12
Info (12128): Elaborating entity "jk_ff_async" for hierarchy "jk_ff_async:jk_ff0" File: F:/Tuan Minh/HKII/He_Thong_So/Verilog_tut2/Ex2.v Line: 22
Info (12128): Elaborating entity "sr_ff" for hierarchy "sr_ff:sr_ff0" File: F:/Tuan Minh/HKII/He_Thong_So/Verilog_tut2/Ex2.v Line: 51
Warning (12241): 3 hierarchies have connectivity warnings - see the Connectivity Checks report folder
Warning (13004): Presettable and clearable registers converted to equivalent circuits with latches. Registers power-up to an undefined state, and DEVCLRn places the registers in an undefined state.
    Warning (13310): Register "sr_ff:sr_ff0|q" is converted into an equivalent circuit using register "sr_ff:sr_ff0|q~_emulated" and latch "sr_ff:sr_ff0|q~1" File: F:/Tuan Minh/HKII/He_Thong_So/Verilog_tut2/sr_ff.v Line: 3
Warning (13024): Output pins are stuck at VCC or GND
    Warning (13410): Pin "out[2]" is stuck at GND File: F:/Tuan Minh/HKII/He_Thong_So/Verilog_tut2/Ex2.v Line: 2
    Warning (13410): Pin "out[1]" is stuck at GND File: F:/Tuan Minh/HKII/He_Thong_So/Verilog_tut2/Ex2.v Line: 2
Info (286030): Timing-Driven Synthesis is running
Info (144001): Generated suppressed messages file F:/Tuan Minh/HKII/He_Thong_So/Verilog_tut2/output_files/Verilog_tut2.map.smsg
Info (16010): Generating hard_block partition "hard_block:auto_generated_inst"
    Info (16011): Adding 0 node(s), including 0 DDIO, 0 PLL, 0 transceiver and 0 LCELL
Warning (21074): Design contains 2 input pin(s) that do not drive logic
    Warning (15610): No output dependent on input pin "clk1_n[0]" File: F:/Tuan Minh/HKII/He_Thong_So/Verilog_tut2/Ex2.v Line: 4
    Warning (15610): No output dependent on input pin "clk0_n" File: F:/Tuan Minh/HKII/He_Thong_So/Verilog_tut2/Ex2.v Line: 3
Info (21057): Implemented 18 device resources after synthesis - the final resource count might be different
    Info (21058): Implemented 7 input pins
    Info (21059): Implemented 4 output pins
    Info (21061): Implemented 7 logic cells
Info: Quartus Prime Analysis & Synthesis was successful. 0 errors, 12 warnings
    Info: Peak virtual memory: 725 megabytes
    Info: Processing ended: Sat May 19 22:11:24 2018
    Info: Elapsed time: 00:00:15
    Info: Total CPU time (on all processors): 00:00:30


+------------------------------------------+
; Analysis & Synthesis Suppressed Messages ;
+------------------------------------------+
The suppressed messages can be found in F:/Tuan Minh/HKII/He_Thong_So/Verilog_tut2/output_files/Verilog_tut2.map.smsg.


